<?xml version="1.0" encoding="UTF-8"?>
<!-- Generated by org.testng.reporters.JUnitReportReporter -->
<testsuite hostname="LeMounir" failures="0" tests="1" name="net.calculator.tc.Main_TC" time="12.236" errors="0" timestamp="2022-07-24T12:29:35 EDT" skipped="0">
  <testcase classname="net.calculator.tc.Main_TC" name="Test_Mortgage" time="12.236"/>
  <system-out/>
</testsuite> <!-- net.calculator.tc.Main_TC -->
