<?xml version="1.0" encoding="UTF-8"?>
<!-- Generated by org.testng.reporters.JUnitReportReporter -->
<testsuite hostname="LeMounir" failures="0" tests="1" name="net.calculator.tc.Least_Common_Multiple_TC" time="9.987" errors="0" timestamp="2022-07-23T22:26:14 EDT" skipped="0">
  <testcase classname="net.calculator.tc.Least_Common_Multiple_TC" name="Test_Other" time="9.987"/>
  <system-out/>
</testsuite> <!-- net.calculator.tc.Least_Common_Multiple_TC -->
