<?xml version="1.0" encoding="UTF-8"?>
<!-- Generated by org.testng.reporters.JUnitReportReporter -->
<testsuite hostname="LeMounir" failures="0" tests="1" name="net.calculator.tc.Fitness_TC" time="17.454" errors="0" timestamp="2022-07-23T20:53:46 EDT" skipped="0">
  <testcase classname="net.calculator.tc.Fitness_TC" name="Test_location" time="17.454"/>
  <system-out/>
</testsuite> <!-- net.calculator.tc.Fitness_TC -->
