<?xml version="1.0" encoding="UTF-8"?>
<!-- Generated by org.testng.reporters.JUnitReportReporter -->
<testsuite hostname="LeMounir" failures="0" tests="1" name="net.calculator.tc.Financial_TC" time="30.074" errors="0" timestamp="2022-08-04T20:06:52 EDT" skipped="0">
  <testcase classname="net.calculator.tc.Financial_TC" name="Test_location" time="30.074"/>
  <system-out/>
</testsuite> <!-- net.calculator.tc.Financial_TC -->
