<?xml version="1.0" encoding="UTF-8"?>
<!-- Generated by org.testng.reporters.JUnitReportReporter -->
<testsuite hostname="LeMounir" failures="0" tests="9" name="net.calculator.tc.Main_TC" time="181.283" errors="0" timestamp="2022-08-07T16:39:38 EDT" skipped="0">
  <testcase classname="net.calculator.tc.Main_TC" name="Test_calculator" time="5.712"/>
  <system-out/>
  <testcase classname="net.calculator.tc.Main_TC" name="Test_Images" time="21.388"/>
  <system-out/>
  <testcase classname="net.calculator.tc.Main_TC" name="Test_Financial" time="58.154"/>
  <system-out/>
  <testcase classname="net.calculator.tc.Main_TC" name="Test_Fitness" time="17.335"/>
  <system-out/>
  <testcase classname="net.calculator.tc.Main_TC" name="Test_Math" time="16.001"/>
  <system-out/>
  <testcase classname="net.calculator.tc.Main_TC" name="Test_Other" time="19.230"/>
  <system-out/>
  <testcase classname="net.calculator.tc.Main_TC" name="Test_Mortgage" time="12.891"/>
  <system-out/>
  <testcase classname="net.calculator.tc.Main_TC" name="Test_Least_Common_Multiple" time="13.412"/>
  <system-out/>
  <testcase classname="net.calculator.tc.Main_TC" name="Test_Virtual_Dice_Roller" time="17.160"/>
  <system-out/>
</testsuite> <!-- net.calculator.tc.Main_TC -->
