<?xml version="1.0" encoding="UTF-8"?>
<!-- Generated by org.testng.reporters.JUnitReportReporter -->
<testsuite hostname="LeMounir" failures="0" tests="1" name="net.calculator.tc.Main_Financial_TC" time="206.683" errors="0" timestamp="2022-08-07T16:39:38 EDT" skipped="0">
  <testcase classname="net.calculator.tc.Main_Financial_TC" name="Test_all_Links" time="206.683"/>
  <system-out/>
</testsuite> <!-- net.calculator.tc.Main_Financial_TC -->
