<?xml version="1.0" encoding="UTF-8"?>
<!-- Generated by org.testng.reporters.JUnitReportReporter -->
<testsuite hostname="LeMounir" failures="0" tests="1" name="net.calculator.tc.Math_TC" time="25.851" errors="0" timestamp="2022-08-07T16:39:38 EDT" skipped="0">
  <testcase classname="net.calculator.tc.Math_TC" name="Test_Math" time="25.851"/>
  <system-out/>
</testsuite> <!-- net.calculator.tc.Math_TC -->
