<?xml version="1.0" encoding="UTF-8"?>
<!-- Generated by org.testng.reporters.JUnitReportReporter -->
<testsuite hostname="LeMounir" failures="0" tests="1" name="net.calculator.tc.images_TC" time="25.825" errors="0" timestamp="2022-07-24T10:25:47 EDT" skipped="0">
  <testcase classname="net.calculator.tc.images_TC" name="Test_Images" time="25.825"/>
  <system-out/>
</testsuite> <!-- net.calculator.tc.images_TC -->
