<?xml version="1.0" encoding="UTF-8"?>
<!-- Generated by org.testng.reporters.JUnitReportReporter -->
<testsuite hostname="LeMounir" failures="0" tests="1" name="net.calculator.tc.Mortgage_TC" time="12.574" errors="0" timestamp="2022-07-24T12:23:12 EDT" skipped="0">
  <testcase classname="net.calculator.tc.Mortgage_TC" name="Test" time="12.574"/>
  <system-out/>
</testsuite> <!-- net.calculator.tc.Mortgage_TC -->
