<?xml version="1.0" encoding="UTF-8"?>
<!-- Generated by org.testng.reporters.JUnitReportReporter -->
<testsuite hostname="LeMounir" failures="0" tests="1" name="net.calculator.tc.Financial_TC" time="31.615" errors="0" timestamp="2022-07-23T20:42:30 EDT" skipped="0">
  <testcase classname="net.calculator.tc.Financial_TC" name="Test_location" time="31.615"/>
  <system-out/>
</testsuite> <!-- net.calculator.tc.Financial_TC -->
