<?xml version="1.0" encoding="UTF-8"?>
<!-- Generated by org.testng.reporters.JUnitReportReporter -->
<testsuite hostname="LeMounir" failures="0" tests="1" name="net.calculator.tc.Other_Calculators_TC" time="19.310" errors="0" timestamp="2022-08-07T16:39:38 EDT" skipped="0">
  <testcase classname="net.calculator.tc.Other_Calculators_TC" name="Test_Other" time="19.310"/>
  <system-out/>
</testsuite> <!-- net.calculator.tc.Other_Calculators_TC -->
