<?xml version="1.0" encoding="UTF-8"?>
<!-- Generated by org.testng.reporters.JUnitReportReporter -->
<testsuite hostname="LeMounir" failures="0" tests="1" name="net.calculator.tc.Math_TC" time="16.563" errors="0" timestamp="2022-07-23T21:07:25 EDT" skipped="0">
  <testcase classname="net.calculator.tc.Math_TC" name="Test_Math" time="16.563"/>
  <system-out/>
</testsuite> <!-- net.calculator.tc.Math_TC -->
