<?xml version="1.0" encoding="UTF-8"?>
<!-- Generated by org.testng.reporters.JUnitReportReporter -->
<testsuite hostname="LeMounir" failures="0" tests="3" name="ebay.ASSerting" time="22.544" errors="0" timestamp="2022-07-20T23:50:20 EDT" skipped="0">
  <testcase classname="ebay.ASSerting" name="logotest" time="7.627"/>
  <system-out/>
  <testcase classname="ebay.ASSerting" name="gmailtest" time="10.972"/>
  <system-out/>
  <testcase classname="ebay.ASSerting" name="getitle" time="3.945"/>
  <system-out/>
</testsuite> <!-- ebay.ASSerting -->
