<?xml version="1.0" encoding="UTF-8"?>
<!-- Generated by org.testng.reporters.JUnitReportReporter -->
<testsuite hostname="LeMounir" failures="0" tests="3" name="ebay.Beforemethodtest" time="10.932" errors="0" timestamp="2022-07-17T15:25:56 EDT" skipped="0">
  <testcase classname="ebay.Beforemethodtest" name="logotest" time="3.265"/>
  <system-out/>
  <testcase classname="ebay.Beforemethodtest" name="getitle" time="4.450"/>
  <system-out/>
  <testcase classname="ebay.Beforemethodtest" name="gmailtest" time="3.217"/>
  <system-out/>
</testsuite> <!-- ebay.Beforemethodtest -->
