<?xml version="1.0" encoding="UTF-8"?>
<!-- Generated by org.testng.reporters.JUnitReportReporter -->
<testsuite hostname="LeMounir" failures="0" tests="3" name="ebay.Beforetest_test" time="0.138" errors="0" timestamp="2022-07-16T18:05:28 EDT" skipped="0">
  <testcase classname="ebay.Beforetest_test" name="getitle" time="0.014"/>
  <system-out/>
  <testcase classname="ebay.Beforetest_test" name="logotest" time="0.035"/>
  <system-out/>
  <testcase classname="ebay.Beforetest_test" name="gmailtest" time="0.089"/>
  <system-out/>
</testsuite> <!-- ebay.Beforetest_test -->
