<?xml version="1.0" encoding="UTF-8"?>
<!-- Generated by org.testng.reporters.JUnitReportReporter -->
<testsuite hostname="LeMounir" failures="0" tests="3" name="ebay.test2" time="0.130" errors="0" timestamp="2022-07-16T15:52:38 EDT" skipped="0">
  <testcase classname="ebay.test2" name="getitle" time="0.014"/>
  <system-out/>
  <testcase classname="ebay.test2" name="logotest" time="0.037"/>
  <system-out/>
  <testcase classname="ebay.test2" name="gmailtest" time="0.079"/>
  <system-out/>
</testsuite> <!-- ebay.test2 -->
