<?xml version="1.0" encoding="UTF-8"?>
<!-- Generated by org.testng.reporters.JUnitReportReporter -->
<testsuite hostname="LeMounir" failures="0" tests="2" name="ebay.page_object_elements_TEST" time="5.284" errors="0" timestamp="2022-07-17T23:54:30 EDT" skipped="0">
  <testcase classname="ebay.page_object_elements_TEST" name="URL" time="1.370"/>
  <system-out/>
  <testcase classname="ebay.page_object_elements_TEST" name="homePageTest" time="3.914"/>
  <system-out/>
</testsuite> <!-- ebay.page_object_elements_TEST -->
