<?xml version="1.0" encoding="UTF-8"?>
<!-- Generated by org.testng.reporters.JUnitReportReporter -->
<testsuite hostname="LeMounir" failures="0" tests="1" name="net.calculator.tc.Other_Calculators_TC" time="28.210" errors="0" timestamp="2022-07-31T21:29:55 EDT" skipped="0">
  <testcase classname="net.calculator.tc.Other_Calculators_TC" name="Test_Other" time="28.210"/>
  <system-out/>
</testsuite> <!-- net.calculator.tc.Other_Calculators_TC -->
