<?xml version="1.0" encoding="UTF-8"?>
<!-- Generated by org.testng.reporters.JUnitReportReporter -->
<testsuite hostname="LeMounir" failures="0" tests="1" name="net.calculator.tc.unspashed_2_TC" time="10.623" errors="0" timestamp="2022-07-29T11:06:12 EDT" skipped="0">
  <testcase classname="net.calculator.tc.unspashed_2_TC" name="Test" time="10.623"/>
  <system-out/>
</testsuite> <!-- net.calculator.tc.unspashed_2_TC -->
