<?xml version="1.0" encoding="UTF-8"?>
<!-- Generated by org.testng.reporters.JUnitReportReporter -->
<testsuite hostname="LeMounir" failures="0" tests="1" name="net.calculator.tc.Loan_Calculator_TC" time="24.711" errors="0" timestamp="2022-07-29T10:59:16 EDT" skipped="0">
  <testcase classname="net.calculator.tc.Loan_Calculator_TC" name="Test" time="24.711"/>
  <system-out/>
</testsuite> <!-- net.calculator.tc.Loan_Calculator_TC -->
