<?xml version="1.0" encoding="UTF-8"?>
<!-- Generated by org.testng.reporters.JUnitReportReporter -->
<testsuite hostname="LeMounir" failures="0" tests="1" name="net.calculator.tc.Math_TC" time="31.912" errors="0" timestamp="2022-07-31T21:26:51 EDT" skipped="0">
  <testcase classname="net.calculator.tc.Math_TC" name="Test_Math" time="31.912"/>
  <system-out/>
</testsuite> <!-- net.calculator.tc.Math_TC -->
