<?xml version="1.0" encoding="UTF-8"?>
<!-- Generated by org.testng.reporters.JUnitReportReporter -->
<testsuite hostname="LeMounir" failures="0" tests="1" name="net.calculator.Test.Least_Common_MultipleTest" time="14.209" errors="0" timestamp="2022-08-07T19:05:25 EDT" skipped="0">
  <testcase classname="net.calculator.Test.Least_Common_MultipleTest" name="Test_Other" time="14.209"/>
  <system-out/>
</testsuite> <!-- net.calculator.Test.Least_Common_MultipleTest -->
