<?xml version="1.0" encoding="UTF-8"?>
<!-- Generated by org.testng.reporters.JUnitReportReporter -->
<testsuite hostname="LeMounir" failures="0" tests="1" name="net.calculator.tc.images_TC" time="18.000" errors="0" timestamp="2022-07-31T21:30:25 EDT" skipped="0">
  <testcase classname="net.calculator.tc.images_TC" name="Test_Images" time="18.000"/>
  <system-out/>
</testsuite> <!-- net.calculator.tc.images_TC -->
