<?xml version="1.0" encoding="UTF-8"?>
<!-- Generated by org.testng.reporters.JUnitReportReporter -->
<testsuite hostname="LeMounir" failures="0" tests="1" name="net.calculator.tc.Repayment_Calculator_TC" time="17.091" errors="0" timestamp="2022-07-29T11:05:38 EDT" skipped="0">
  <testcase classname="net.calculator.tc.Repayment_Calculator_TC" name="Test" time="17.091"/>
  <system-out/>
</testsuite> <!-- net.calculator.tc.Repayment_Calculator_TC -->
