<?xml version="1.0" encoding="UTF-8"?>
<!-- Generated by org.testng.reporters.JUnitReportReporter -->
<testsuite hostname="LeMounir" failures="0" tests="1" name="net.calculator.tc.unspashed_2_TC" time="11.084" errors="0" timestamp="2022-08-06T20:06:36 EDT" skipped="0">
  <testcase classname="net.calculator.tc.unspashed_2_TC" name="Test" time="11.084"/>
  <system-out/>
</testsuite> <!-- net.calculator.tc.unspashed_2_TC -->
