<?xml version="1.0" encoding="UTF-8"?>
<!-- Generated by org.testng.reporters.JUnitReportReporter -->
<testsuite hostname="LeMounir" failures="0" tests="1" name="net.calculator.tc.google_TC" time="21.582" errors="0" timestamp="2022-07-30T09:30:29 EDT" skipped="0">
  <testcase classname="net.calculator.tc.google_TC" name="Google_PO" time="21.582"/>
  <system-out/>
</testsuite> <!-- net.calculator.tc.google_TC -->
