<?xml version="1.0" encoding="UTF-8"?>
<!-- Generated by org.testng.reporters.JUnitReportReporter -->
<testsuite hostname="LeMounir" failures="0" tests="1" name="TC_calculator.TC_calculator" time="17.690" errors="0" timestamp="2022-07-21T12:50:04 EDT" skipped="0">
  <testcase classname="TC_calculator.TC_calculator" name="Test_location" time="17.690"/>
  <system-out/>
</testsuite> <!-- TC_calculator.TC_calculator -->
