<?xml version="1.0" encoding="UTF-8"?>
<!-- Generated by org.testng.reporters.JUnitReportReporter -->
<testsuite hostname="LeMounir" failures="0" tests="3" name="testNG.testing" time="120.394" errors="0" timestamp="2022-08-06T16:19:32 EDT" skipped="0">
  <testcase classname="testNG.testing" name="test1" time="1.536"/>
  <system-out/>
  <testcase classname="testNG.testing" name="gtest2" time="33.446"/>
  <system-out/>
  <testcase classname="testNG.testing" name="gmaillogin2" time="85.412"/>
  <system-out/>
</testsuite> <!-- testNG.testing -->
