<?xml version="1.0" encoding="UTF-8"?>
<!-- Generated by org.testng.reporters.JUnitReportReporter -->
<testsuite hostname="LeMounir" failures="0" tests="3" name="testNG.testing" time="121.314" errors="0" timestamp="2022-08-06T12:37:50 EDT" skipped="0">
  <testcase classname="testNG.testing" name="test1" time="1.584"/>
  <system-out/>
  <testcase classname="testNG.testing" name="gtest2" time="31.037"/>
  <system-out/>
  <testcase classname="testNG.testing" name="gmaillogin2" time="88.693"/>
  <system-out/>
</testsuite> <!-- testNG.testing -->
