<?xml version="1.0" encoding="UTF-8"?>
<!-- Generated by org.testng.reporters.JUnitReportReporter -->
<testsuite hostname="LeMounir" failures="0" tests="3" name="testNG.testing" time="120.878" errors="0" timestamp="2022-08-04T21:58:55 EDT" skipped="0">
  <testcase classname="testNG.testing" name="test1" time="1.840"/>
  <system-out/>
  <testcase classname="testNG.testing" name="gtest2" time="30.144"/>
  <system-out/>
  <testcase classname="testNG.testing" name="gmaillogin2" time="88.894"/>
  <system-out/>
</testsuite> <!-- testNG.testing -->
