<?xml version="1.0" encoding="UTF-8"?>
<!-- Generated by org.testng.reporters.JUnitReportReporter -->
<testsuite hostname="LeMounir" failures="0" tests="1" name="api.test.main.base" time="2.168" errors="0" timestamp="2022-07-30T18:24:24 EDT" skipped="0">
  <testcase classname="api.test.main.base" name="test" time="2.168"/>
  <system-out/>
</testsuite> <!-- api.test.main.base -->
